2025-06-13T20:15:57.066392Z  INFO tailwindcss_oxide::scanner: Provided sources:
2025-06-13T20:15:57.066734Z  INFO tailwindcss_oxide::scanner: Source: PublicSourceEntry { base: "c:\\Users\\ascom\\Desktop\\next repo\\4\\Game", pattern: "**/*", negated: false }
2025-06-13T20:15:57.067100Z  INFO tailwindcss_oxide::scanner: Optimized sources:
2025-06-13T20:15:57.067164Z  INFO tailwindcss_oxide::scanner: Source: Auto { base: "C:\\Users\\ascom\\Desktop\\next repo\\4\\Game" }
2025-06-13T20:15:57.075663Z  INFO get_files: tailwindcss_oxide::scanner: enter
2025-06-13T20:15:57.075730Z  INFO get_files:scan_sources: tailwindcss_oxide::scanner: enter
2025-06-13T20:15:57.079638Z  INFO get_files:scan_sources: tailwindcss_oxide::scanner: Discovering "C:\\Users\\ascom\\Desktop\\next repo\\4\\Game\\components.json"
2025-06-13T20:15:57.079893Z  INFO get_files:scan_sources: tailwindcss_oxide::scanner: Discovering "C:\\Users\\ascom\\Desktop\\next repo\\4\\Game\\eslint.config.mjs"
2025-06-13T20:15:57.080099Z  INFO get_files:scan_sources: tailwindcss_oxide::scanner: Discovering "C:\\Users\\ascom\\Desktop\\next repo\\4\\Game\\next.config.js"
2025-06-13T20:15:57.080303Z  INFO get_files:scan_sources: tailwindcss_oxide::scanner: Discovering "C:\\Users\\ascom\\Desktop\\next repo\\4\\Game\\next.config.ts"
2025-06-13T20:15:57.080994Z  INFO get_files:scan_sources: tailwindcss_oxide::scanner: Discovering "C:\\Users\\ascom\\Desktop\\next repo\\4\\Game\\package.json"
2025-06-13T20:15:57.081197Z  INFO get_files:scan_sources: tailwindcss_oxide::scanner: Discovering "C:\\Users\\ascom\\Desktop\\next repo\\4\\Game\\postcss.config.mjs"
2025-06-13T20:15:57.081458Z  INFO get_files:scan_sources: tailwindcss_oxide::scanner: Discovering "C:\\Users\\ascom\\Desktop\\next repo\\4\\Game\\public"
2025-06-13T20:15:57.081885Z  INFO get_files:scan_sources: tailwindcss_oxide::scanner: Discovering "C:\\Users\\ascom\\Desktop\\next repo\\4\\Game\\public\\file.svg"
2025-06-13T20:15:57.082087Z  INFO get_files:scan_sources: tailwindcss_oxide::scanner: Discovering "C:\\Users\\ascom\\Desktop\\next repo\\4\\Game\\public\\globe.svg"
2025-06-13T20:15:57.082291Z  INFO get_files:scan_sources: tailwindcss_oxide::scanner: Discovering "C:\\Users\\ascom\\Desktop\\next repo\\4\\Game\\public\\next.svg"
2025-06-13T20:15:57.082484Z  INFO get_files:scan_sources: tailwindcss_oxide::scanner: Discovering "C:\\Users\\ascom\\Desktop\\next repo\\4\\Game\\public\\vercel.svg"
2025-06-13T20:15:57.082701Z  INFO get_files:scan_sources: tailwindcss_oxide::scanner: Discovering "C:\\Users\\ascom\\Desktop\\next repo\\4\\Game\\public\\window.svg"
2025-06-13T20:15:57.082941Z  INFO get_files:scan_sources: tailwindcss_oxide::scanner: Discovering "C:\\Users\\ascom\\Desktop\\next repo\\4\\Game\\README.md"
2025-06-13T20:15:57.083215Z  INFO get_files:scan_sources: tailwindcss_oxide::scanner: Discovering "C:\\Users\\ascom\\Desktop\\next repo\\4\\Game\\src"
2025-06-13T20:15:57.083667Z  INFO get_files:scan_sources: tailwindcss_oxide::scanner: Discovering "C:\\Users\\ascom\\Desktop\\next repo\\4\\Game\\src\\app"
2025-06-13T20:15:57.084134Z  INFO get_files:scan_sources: tailwindcss_oxide::scanner: Discovering "C:\\Users\\ascom\\Desktop\\next repo\\4\\Game\\src\\app\\(components)"
2025-06-13T20:15:57.084592Z  INFO get_files:scan_sources: tailwindcss_oxide::scanner: Discovering "C:\\Users\\ascom\\Desktop\\next repo\\4\\Game\\src\\app\\(components)\\shared"
2025-06-13T20:15:57.084949Z  INFO get_files:scan_sources: tailwindcss_oxide::scanner: Discovering "C:\\Users\\ascom\\Desktop\\next repo\\4\\Game\\src\\app\\(components)\\shared\\Footer.tsx"
2025-06-13T20:15:57.085141Z  INFO get_files:scan_sources: tailwindcss_oxide::scanner: Discovering "C:\\Users\\ascom\\Desktop\\next repo\\4\\Game\\src\\app\\(components)\\shared\\GameCard.tsx"
2025-06-13T20:15:57.085359Z  INFO get_files:scan_sources: tailwindcss_oxide::scanner: Discovering "C:\\Users\\ascom\\Desktop\\next repo\\4\\Game\\src\\app\\(components)\\shared\\Navbar.tsx"
2025-06-13T20:15:57.085567Z  INFO get_files:scan_sources: tailwindcss_oxide::scanner: Discovering "C:\\Users\\ascom\\Desktop\\next repo\\4\\Game\\src\\app\\(components)\\shared\\SharedButton.tsx"
2025-06-13T20:15:57.086060Z  INFO get_files:scan_sources: tailwindcss_oxide::scanner: Discovering "C:\\Users\\ascom\\Desktop\\next repo\\4\\Game\\src\\app\\(components)\\styles"
2025-06-13T20:15:57.086451Z  INFO get_files:scan_sources: tailwindcss_oxide::scanner: Discovering "C:\\Users\\ascom\\Desktop\\next repo\\4\\Game\\src\\app\\(components)\\styles\\colors.js"
2025-06-13T20:15:57.086692Z  INFO get_files:scan_sources: tailwindcss_oxide::scanner: Discovering "C:\\Users\\ascom\\Desktop\\next repo\\4\\Game\\src\\app\\(components)\\styles\\fonts.js"
2025-06-13T20:15:57.086919Z  INFO get_files:scan_sources: tailwindcss_oxide::scanner: Discovering "C:\\Users\\ascom\\Desktop\\next repo\\4\\Game\\src\\app\\(components)\\ui"
2025-06-13T20:15:57.087148Z  INFO get_files:scan_sources: tailwindcss_oxide::scanner: Discovering "C:\\Users\\ascom\\Desktop\\next repo\\4\\Game\\src\\app\\(components)\\ui\\button.tsx"
2025-06-13T20:15:57.087278Z  INFO get_files:scan_sources: tailwindcss_oxide::scanner: Discovering "C:\\Users\\ascom\\Desktop\\next repo\\4\\Game\\src\\app\\(components)\\ui\\card.tsx"
2025-06-13T20:15:57.087396Z  INFO get_files:scan_sources: tailwindcss_oxide::scanner: Discovering "C:\\Users\\ascom\\Desktop\\next repo\\4\\Game\\src\\app\\(components)\\ui\\input.tsx"
2025-06-13T20:15:57.087633Z  INFO get_files:scan_sources: tailwindcss_oxide::scanner: Discovering "C:\\Users\\ascom\\Desktop\\next repo\\4\\Game\\src\\app\\context"
2025-06-13T20:15:57.087876Z  INFO get_files:scan_sources: tailwindcss_oxide::scanner: Discovering "C:\\Users\\ascom\\Desktop\\next repo\\4\\Game\\src\\app\\context\\WishlistContext.tsx"
2025-06-13T20:15:57.088085Z  INFO get_files:scan_sources: tailwindcss_oxide::scanner: Discovering "C:\\Users\\ascom\\Desktop\\next repo\\4\\Game\\src\\app\\games"
2025-06-13T20:15:57.088305Z  INFO get_files:scan_sources: tailwindcss_oxide::scanner: Discovering "C:\\Users\\ascom\\Desktop\\next repo\\4\\Game\\src\\app\\games\\page.tsx"
2025-06-13T20:15:57.088461Z  INFO get_files:scan_sources: tailwindcss_oxide::scanner: Discovering "C:\\Users\\ascom\\Desktop\\next repo\\4\\Game\\src\\app\\games\\[id]"
2025-06-13T20:15:57.088697Z  INFO get_files:scan_sources: tailwindcss_oxide::scanner: Discovering "C:\\Users\\ascom\\Desktop\\next repo\\4\\Game\\src\\app\\games\\[id]\\page.tsx"
2025-06-13T20:15:57.088952Z  INFO get_files:scan_sources: tailwindcss_oxide::scanner: Discovering "C:\\Users\\ascom\\Desktop\\next repo\\4\\Game\\src\\app\\globals.css"
2025-06-13T20:15:57.089122Z  INFO get_files:scan_sources: tailwindcss_oxide::scanner: Discovering "C:\\Users\\ascom\\Desktop\\next repo\\4\\Game\\src\\app\\layout.tsx"
2025-06-13T20:15:57.089238Z  INFO get_files:scan_sources: tailwindcss_oxide::scanner: Discovering "C:\\Users\\ascom\\Desktop\\next repo\\4\\Game\\src\\app\\page.tsx"
2025-06-13T20:15:57.089407Z  INFO get_files:scan_sources: tailwindcss_oxide::scanner: Discovering "C:\\Users\\ascom\\Desktop\\next repo\\4\\Game\\src\\app\\watch-list"
2025-06-13T20:15:57.089716Z  INFO get_files:scan_sources: tailwindcss_oxide::scanner: Discovering "C:\\Users\\ascom\\Desktop\\next repo\\4\\Game\\src\\app\\watch-list\\page.tsx"
2025-06-13T20:15:57.089951Z  INFO get_files:scan_sources: tailwindcss_oxide::scanner: Discovering "C:\\Users\\ascom\\Desktop\\next repo\\4\\Game\\src\\lib"
2025-06-13T20:15:57.090251Z  INFO get_files:scan_sources: tailwindcss_oxide::scanner: Discovering "C:\\Users\\ascom\\Desktop\\next repo\\4\\Game\\src\\lib\\data.js"
2025-06-13T20:15:57.090388Z  INFO get_files:scan_sources: tailwindcss_oxide::scanner: Discovering "C:\\Users\\ascom\\Desktop\\next repo\\4\\Game\\src\\lib\\rowData.json"
2025-06-13T20:15:57.090508Z  INFO get_files:scan_sources: tailwindcss_oxide::scanner: Discovering "C:\\Users\\ascom\\Desktop\\next repo\\4\\Game\\src\\lib\\utils.js"
2025-06-13T20:15:57.090643Z  INFO get_files:scan_sources: tailwindcss_oxide::scanner: Discovering "C:\\Users\\ascom\\Desktop\\next repo\\4\\Game\\src\\lib\\utils.ts"
2025-06-13T20:15:57.090844Z  INFO get_files:scan_sources: tailwindcss_oxide::scanner: Discovering "C:\\Users\\ascom\\Desktop\\next repo\\4\\Game\\tsconfig.json"
2025-06-13T20:15:57.091095Z  INFO get_files:scan_sources: tailwindcss_oxide::scanner: exit
2025-06-13T20:15:57.092566Z  INFO get_files: tailwindcss_oxide::scanner: exit
2025-06-13T20:15:57.092806Z  INFO get_globs: tailwindcss_oxide::scanner: enter
2025-06-13T20:15:57.092823Z  INFO get_globs:scan_sources: tailwindcss_oxide::scanner: enter
2025-06-13T20:15:57.095966Z  INFO get_globs:scan_sources: tailwindcss_oxide::scanner: Discovering "C:\\Users\\ascom\\Desktop\\next repo\\4\\Game\\public"
2025-06-13T20:15:57.096747Z  INFO get_globs:scan_sources: tailwindcss_oxide::scanner: Discovering "C:\\Users\\ascom\\Desktop\\next repo\\4\\Game\\src"
2025-06-13T20:15:57.097030Z  INFO get_globs:scan_sources: tailwindcss_oxide::scanner: Discovering "C:\\Users\\ascom\\Desktop\\next repo\\4\\Game\\src\\app"
2025-06-13T20:15:57.097298Z  INFO get_globs:scan_sources: tailwindcss_oxide::scanner: Discovering "C:\\Users\\ascom\\Desktop\\next repo\\4\\Game\\src\\app\\(components)"
2025-06-13T20:15:57.097563Z  INFO get_globs:scan_sources: tailwindcss_oxide::scanner: Discovering "C:\\Users\\ascom\\Desktop\\next repo\\4\\Game\\src\\app\\(components)\\shared"
2025-06-13T20:15:57.098113Z  INFO get_globs:scan_sources: tailwindcss_oxide::scanner: Discovering "C:\\Users\\ascom\\Desktop\\next repo\\4\\Game\\src\\app\\(components)\\styles"
2025-06-13T20:15:57.098527Z  INFO get_globs:scan_sources: tailwindcss_oxide::scanner: Discovering "C:\\Users\\ascom\\Desktop\\next repo\\4\\Game\\src\\app\\(components)\\ui"
2025-06-13T20:15:57.099094Z  INFO get_globs:scan_sources: tailwindcss_oxide::scanner: Discovering "C:\\Users\\ascom\\Desktop\\next repo\\4\\Game\\src\\app\\context"
2025-06-13T20:15:57.099453Z  INFO get_globs:scan_sources: tailwindcss_oxide::scanner: Discovering "C:\\Users\\ascom\\Desktop\\next repo\\4\\Game\\src\\app\\games"
2025-06-13T20:15:57.099783Z  INFO get_globs:scan_sources: tailwindcss_oxide::scanner: Discovering "C:\\Users\\ascom\\Desktop\\next repo\\4\\Game\\src\\app\\games\\[id]"
2025-06-13T20:15:57.100332Z  INFO get_globs:scan_sources: tailwindcss_oxide::scanner: Discovering "C:\\Users\\ascom\\Desktop\\next repo\\4\\Game\\src\\app\\watch-list"
2025-06-13T20:15:57.100708Z  INFO get_globs:scan_sources: tailwindcss_oxide::scanner: Discovering "C:\\Users\\ascom\\Desktop\\next repo\\4\\Game\\src\\lib"
2025-06-13T20:15:57.101360Z  INFO get_globs:scan_sources: tailwindcss_oxide::scanner: exit
2025-06-13T20:15:57.110667Z  INFO get_globs: tailwindcss_oxide::scanner: exit
2025-06-13T20:22:35.527882Z  INFO tailwindcss_oxide::scanner: Provided sources:
2025-06-13T20:22:35.528127Z  INFO tailwindcss_oxide::scanner: Source: PublicSourceEntry { base: "c:\\Users\\ascom\\Desktop\\next repo\\4\\Game", pattern: "**/*", negated: false }
2025-06-13T20:22:35.528688Z  INFO tailwindcss_oxide::scanner: Optimized sources:
2025-06-13T20:22:35.528710Z  INFO tailwindcss_oxide::scanner: Source: Auto { base: "C:\\Users\\ascom\\Desktop\\next repo\\4\\Game" }
2025-06-13T20:22:35.528883Z  INFO get_files: tailwindcss_oxide::scanner: enter
2025-06-13T20:22:35.528926Z  INFO get_files:scan_sources: tailwindcss_oxide::scanner: enter
2025-06-13T20:22:35.532605Z  INFO get_files:scan_sources: tailwindcss_oxide::scanner: Discovering "C:\\Users\\ascom\\Desktop\\next repo\\4\\Game\\components.json"
2025-06-13T20:22:35.532829Z  INFO get_files:scan_sources: tailwindcss_oxide::scanner: Discovering "C:\\Users\\ascom\\Desktop\\next repo\\4\\Game\\eslint.config.mjs"
2025-06-13T20:22:35.533044Z  INFO get_files:scan_sources: tailwindcss_oxide::scanner: Discovering "C:\\Users\\ascom\\Desktop\\next repo\\4\\Game\\next.config.js"
2025-06-13T20:22:35.533234Z  INFO get_files:scan_sources: tailwindcss_oxide::scanner: Discovering "C:\\Users\\ascom\\Desktop\\next repo\\4\\Game\\next.config.ts"
2025-06-13T20:22:35.533843Z  INFO get_files:scan_sources: tailwindcss_oxide::scanner: Discovering "C:\\Users\\ascom\\Desktop\\next repo\\4\\Game\\package.json"
2025-06-13T20:22:35.534060Z  INFO get_files:scan_sources: tailwindcss_oxide::scanner: Discovering "C:\\Users\\ascom\\Desktop\\next repo\\4\\Game\\postcss.config.mjs"
2025-06-13T20:22:35.534278Z  INFO get_files:scan_sources: tailwindcss_oxide::scanner: Discovering "C:\\Users\\ascom\\Desktop\\next repo\\4\\Game\\public"
2025-06-13T20:22:35.534551Z  INFO get_files:scan_sources: tailwindcss_oxide::scanner: Discovering "C:\\Users\\ascom\\Desktop\\next repo\\4\\Game\\public\\file.svg"
2025-06-13T20:22:35.534682Z  INFO get_files:scan_sources: tailwindcss_oxide::scanner: Discovering "C:\\Users\\ascom\\Desktop\\next repo\\4\\Game\\public\\globe.svg"
2025-06-13T20:22:35.534845Z  INFO get_files:scan_sources: tailwindcss_oxide::scanner: Discovering "C:\\Users\\ascom\\Desktop\\next repo\\4\\Game\\public\\next.svg"
2025-06-13T20:22:35.535034Z  INFO get_files:scan_sources: tailwindcss_oxide::scanner: Discovering "C:\\Users\\ascom\\Desktop\\next repo\\4\\Game\\public\\vercel.svg"
2025-06-13T20:22:35.535225Z  INFO get_files:scan_sources: tailwindcss_oxide::scanner: Discovering "C:\\Users\\ascom\\Desktop\\next repo\\4\\Game\\public\\window.svg"
2025-06-13T20:22:35.535460Z  INFO get_files:scan_sources: tailwindcss_oxide::scanner: Discovering "C:\\Users\\ascom\\Desktop\\next repo\\4\\Game\\README.md"
2025-06-13T20:22:35.535721Z  INFO get_files:scan_sources: tailwindcss_oxide::scanner: Discovering "C:\\Users\\ascom\\Desktop\\next repo\\4\\Game\\src"
2025-06-13T20:22:35.536134Z  INFO get_files:scan_sources: tailwindcss_oxide::scanner: Discovering "C:\\Users\\ascom\\Desktop\\next repo\\4\\Game\\src\\app"
2025-06-13T20:22:35.536549Z  INFO get_files:scan_sources: tailwindcss_oxide::scanner: Discovering "C:\\Users\\ascom\\Desktop\\next repo\\4\\Game\\src\\app\\(components)"
2025-06-13T20:22:35.537039Z  INFO get_files:scan_sources: tailwindcss_oxide::scanner: Discovering "C:\\Users\\ascom\\Desktop\\next repo\\4\\Game\\src\\app\\(components)\\shared"
2025-06-13T20:22:35.537340Z  INFO get_files:scan_sources: tailwindcss_oxide::scanner: Discovering "C:\\Users\\ascom\\Desktop\\next repo\\4\\Game\\src\\app\\(components)\\shared\\Footer.tsx"
2025-06-13T20:22:35.537499Z  INFO get_files:scan_sources: tailwindcss_oxide::scanner: Discovering "C:\\Users\\ascom\\Desktop\\next repo\\4\\Game\\src\\app\\(components)\\shared\\GameCard.tsx"
2025-06-13T20:22:35.537799Z  INFO get_files:scan_sources: tailwindcss_oxide::scanner: Discovering "C:\\Users\\ascom\\Desktop\\next repo\\4\\Game\\src\\app\\(components)\\shared\\Navbar.tsx"
2025-06-13T20:22:35.538098Z  INFO get_files:scan_sources: tailwindcss_oxide::scanner: Discovering "C:\\Users\\ascom\\Desktop\\next repo\\4\\Game\\src\\app\\(components)\\shared\\SharedButton.tsx"
2025-06-13T20:22:35.538400Z  INFO get_files:scan_sources: tailwindcss_oxide::scanner: Discovering "C:\\Users\\ascom\\Desktop\\next repo\\4\\Game\\src\\app\\(components)\\styles"
2025-06-13T20:22:35.538720Z  INFO get_files:scan_sources: tailwindcss_oxide::scanner: Discovering "C:\\Users\\ascom\\Desktop\\next repo\\4\\Game\\src\\app\\(components)\\styles\\colors.js"
2025-06-13T20:22:35.538910Z  INFO get_files:scan_sources: tailwindcss_oxide::scanner: Discovering "C:\\Users\\ascom\\Desktop\\next repo\\4\\Game\\src\\app\\(components)\\styles\\fonts.js"
2025-06-13T20:22:35.539217Z  INFO get_files:scan_sources: tailwindcss_oxide::scanner: Discovering "C:\\Users\\ascom\\Desktop\\next repo\\4\\Game\\src\\app\\(components)\\ui"
2025-06-13T20:22:35.539543Z  INFO get_files:scan_sources: tailwindcss_oxide::scanner: Discovering "C:\\Users\\ascom\\Desktop\\next repo\\4\\Game\\src\\app\\(components)\\ui\\button.tsx"
2025-06-13T20:22:35.539748Z  INFO get_files:scan_sources: tailwindcss_oxide::scanner: Discovering "C:\\Users\\ascom\\Desktop\\next repo\\4\\Game\\src\\app\\(components)\\ui\\card.tsx"
2025-06-13T20:22:35.539933Z  INFO get_files:scan_sources: tailwindcss_oxide::scanner: Discovering "C:\\Users\\ascom\\Desktop\\next repo\\4\\Game\\src\\app\\(components)\\ui\\input.tsx"
2025-06-13T20:22:35.540263Z  INFO get_files:scan_sources: tailwindcss_oxide::scanner: Discovering "C:\\Users\\ascom\\Desktop\\next repo\\4\\Game\\src\\app\\context"
2025-06-13T20:22:35.540669Z  INFO get_files:scan_sources: tailwindcss_oxide::scanner: Discovering "C:\\Users\\ascom\\Desktop\\next repo\\4\\Game\\src\\app\\context\\WishlistContext.tsx"
2025-06-13T20:22:35.540985Z  INFO get_files:scan_sources: tailwindcss_oxide::scanner: Discovering "C:\\Users\\ascom\\Desktop\\next repo\\4\\Game\\src\\app\\games"
2025-06-13T20:22:35.541306Z  INFO get_files:scan_sources: tailwindcss_oxide::scanner: Discovering "C:\\Users\\ascom\\Desktop\\next repo\\4\\Game\\src\\app\\games\\page.tsx"
2025-06-13T20:22:35.541560Z  INFO get_files:scan_sources: tailwindcss_oxide::scanner: Discovering "C:\\Users\\ascom\\Desktop\\next repo\\4\\Game\\src\\app\\games\\[id]"
2025-06-13T20:22:35.541878Z  INFO get_files:scan_sources: tailwindcss_oxide::scanner: Discovering "C:\\Users\\ascom\\Desktop\\next repo\\4\\Game\\src\\app\\games\\[id]\\page.tsx"
2025-06-13T20:22:35.542092Z  INFO get_files:scan_sources: tailwindcss_oxide::scanner: Discovering "C:\\Users\\ascom\\Desktop\\next repo\\4\\Game\\src\\app\\globals.css"
2025-06-13T20:22:35.542231Z  INFO get_files:scan_sources: tailwindcss_oxide::scanner: Discovering "C:\\Users\\ascom\\Desktop\\next repo\\4\\Game\\src\\app\\layout.tsx"
2025-06-13T20:22:35.542355Z  INFO get_files:scan_sources: tailwindcss_oxide::scanner: Discovering "C:\\Users\\ascom\\Desktop\\next repo\\4\\Game\\src\\app\\page.tsx"
2025-06-13T20:22:35.542531Z  INFO get_files:scan_sources: tailwindcss_oxide::scanner: Discovering "C:\\Users\\ascom\\Desktop\\next repo\\4\\Game\\src\\app\\watch-list"
2025-06-13T20:22:35.542752Z  INFO get_files:scan_sources: tailwindcss_oxide::scanner: Discovering "C:\\Users\\ascom\\Desktop\\next repo\\4\\Game\\src\\app\\watch-list\\page.tsx"
2025-06-13T20:22:35.542991Z  INFO get_files:scan_sources: tailwindcss_oxide::scanner: Discovering "C:\\Users\\ascom\\Desktop\\next repo\\4\\Game\\src\\lib"
2025-06-13T20:22:35.543272Z  INFO get_files:scan_sources: tailwindcss_oxide::scanner: Discovering "C:\\Users\\ascom\\Desktop\\next repo\\4\\Game\\src\\lib\\data.js"
2025-06-13T20:22:35.543406Z  INFO get_files:scan_sources: tailwindcss_oxide::scanner: Discovering "C:\\Users\\ascom\\Desktop\\next repo\\4\\Game\\src\\lib\\rowData.json"
2025-06-13T20:22:35.543532Z  INFO get_files:scan_sources: tailwindcss_oxide::scanner: Discovering "C:\\Users\\ascom\\Desktop\\next repo\\4\\Game\\src\\lib\\utils.js"
2025-06-13T20:22:35.543662Z  INFO get_files:scan_sources: tailwindcss_oxide::scanner: Discovering "C:\\Users\\ascom\\Desktop\\next repo\\4\\Game\\src\\lib\\utils.ts"
2025-06-13T20:22:35.543877Z  INFO get_files:scan_sources: tailwindcss_oxide::scanner: Discovering "C:\\Users\\ascom\\Desktop\\next repo\\4\\Game\\tsconfig.json"
2025-06-13T20:22:35.544070Z  INFO get_files:scan_sources: tailwindcss_oxide::scanner: exit
2025-06-13T20:22:35.544220Z  INFO get_files: tailwindcss_oxide::scanner: exit
2025-06-13T20:22:35.544312Z  INFO get_globs: tailwindcss_oxide::scanner: enter
2025-06-13T20:22:35.544330Z  INFO get_globs:scan_sources: tailwindcss_oxide::scanner: enter
2025-06-13T20:22:35.548957Z  INFO get_globs:scan_sources: tailwindcss_oxide::scanner: Discovering "C:\\Users\\ascom\\Desktop\\next repo\\4\\Game\\public"
2025-06-13T20:22:35.550054Z  INFO get_globs:scan_sources: tailwindcss_oxide::scanner: Discovering "C:\\Users\\ascom\\Desktop\\next repo\\4\\Game\\src"
2025-06-13T20:22:35.550452Z  INFO get_globs:scan_sources: tailwindcss_oxide::scanner: Discovering "C:\\Users\\ascom\\Desktop\\next repo\\4\\Game\\src\\app"
2025-06-13T20:22:35.550864Z  INFO get_globs:scan_sources: tailwindcss_oxide::scanner: Discovering "C:\\Users\\ascom\\Desktop\\next repo\\4\\Game\\src\\app\\(components)"
2025-06-13T20:22:35.551268Z  INFO get_globs:scan_sources: tailwindcss_oxide::scanner: Discovering "C:\\Users\\ascom\\Desktop\\next repo\\4\\Game\\src\\app\\(components)\\shared"
2025-06-13T20:22:35.552116Z  INFO get_globs:scan_sources: tailwindcss_oxide::scanner: Discovering "C:\\Users\\ascom\\Desktop\\next repo\\4\\Game\\src\\app\\(components)\\styles"
2025-06-13T20:22:35.552796Z  INFO get_globs:scan_sources: tailwindcss_oxide::scanner: Discovering "C:\\Users\\ascom\\Desktop\\next repo\\4\\Game\\src\\app\\(components)\\ui"
2025-06-13T20:22:35.554358Z  INFO get_globs:scan_sources: tailwindcss_oxide::scanner: Discovering "C:\\Users\\ascom\\Desktop\\next repo\\4\\Game\\src\\app\\context"
2025-06-13T20:22:35.554953Z  INFO get_globs:scan_sources: tailwindcss_oxide::scanner: Discovering "C:\\Users\\ascom\\Desktop\\next repo\\4\\Game\\src\\app\\games"
2025-06-13T20:22:35.555440Z  INFO get_globs:scan_sources: tailwindcss_oxide::scanner: Discovering "C:\\Users\\ascom\\Desktop\\next repo\\4\\Game\\src\\app\\games\\[id]"
2025-06-13T20:22:35.556278Z  INFO get_globs:scan_sources: tailwindcss_oxide::scanner: Discovering "C:\\Users\\ascom\\Desktop\\next repo\\4\\Game\\src\\app\\watch-list"
2025-06-13T20:22:35.556865Z  INFO get_globs:scan_sources: tailwindcss_oxide::scanner: Discovering "C:\\Users\\ascom\\Desktop\\next repo\\4\\Game\\src\\lib"
2025-06-13T20:22:35.558087Z  INFO get_globs:scan_sources: tailwindcss_oxide::scanner: exit
2025-06-13T20:22:35.581025Z  INFO get_globs: tailwindcss_oxide::scanner: exit
