2025-06-11T17:58:19.005717Z  INFO tailwindcss_oxide::scanner: Provided sources:
2025-06-11T17:58:19.006958Z  INFO tailwindcss_oxide::scanner: Source: PublicSourceEntry { base: "c:\\Users\\ascom\\Desktop\\next repo\\2\\Game", pattern: "**/*", negated: false }
2025-06-11T17:58:19.007516Z  INFO tailwindcss_oxide::scanner: Optimized sources:
2025-06-11T17:58:19.007565Z  INFO tailwindcss_oxide::scanner: Source: Auto { base: "C:\\Users\\ascom\\Desktop\\next repo\\2\\Game" }
2025-06-11T17:58:19.026818Z  INFO get_files: tailwindcss_oxide::scanner: enter
2025-06-11T17:58:19.026981Z  INFO get_files:scan_sources: tailwindcss_oxide::scanner: enter
2025-06-11T17:58:19.033050Z  INFO get_files:scan_sources: tailwindcss_oxide::scanner: Discovering "C:\\Users\\ascom\\Desktop\\next repo\\2\\Game\\components.json"
2025-06-11T17:58:19.033292Z  INFO get_files:scan_sources: tailwindcss_oxide::scanner: Discovering "C:\\Users\\ascom\\Desktop\\next repo\\2\\Game\\eslint.config.mjs"
2025-06-11T17:58:19.033511Z  INFO get_files:scan_sources: tailwindcss_oxide::scanner: Discovering "C:\\Users\\ascom\\Desktop\\next repo\\2\\Game\\next.config.ts"
2025-06-11T17:58:19.034225Z  INFO get_files:scan_sources: tailwindcss_oxide::scanner: Discovering "C:\\Users\\ascom\\Desktop\\next repo\\2\\Game\\package.json"
2025-06-11T17:58:19.034455Z  INFO get_files:scan_sources: tailwindcss_oxide::scanner: Discovering "C:\\Users\\ascom\\Desktop\\next repo\\2\\Game\\postcss.config.mjs"
2025-06-11T17:58:19.035474Z  INFO get_files:scan_sources: tailwindcss_oxide::scanner: Discovering "C:\\Users\\ascom\\Desktop\\next repo\\2\\Game\\public"
2025-06-11T17:58:19.036015Z  INFO get_files:scan_sources: tailwindcss_oxide::scanner: Discovering "C:\\Users\\ascom\\Desktop\\next repo\\2\\Game\\public\\file.svg"
2025-06-11T17:58:19.036295Z  INFO get_files:scan_sources: tailwindcss_oxide::scanner: Discovering "C:\\Users\\ascom\\Desktop\\next repo\\2\\Game\\public\\globe.svg"
2025-06-11T17:58:19.036696Z  INFO get_files:scan_sources: tailwindcss_oxide::scanner: Discovering "C:\\Users\\ascom\\Desktop\\next repo\\2\\Game\\public\\next.svg"
2025-06-11T17:58:19.037015Z  INFO get_files:scan_sources: tailwindcss_oxide::scanner: Discovering "C:\\Users\\ascom\\Desktop\\next repo\\2\\Game\\public\\vercel.svg"
2025-06-11T17:58:19.037256Z  INFO get_files:scan_sources: tailwindcss_oxide::scanner: Discovering "C:\\Users\\ascom\\Desktop\\next repo\\2\\Game\\public\\window.svg"
2025-06-11T17:58:19.038076Z  INFO get_files:scan_sources: tailwindcss_oxide::scanner: Discovering "C:\\Users\\ascom\\Desktop\\next repo\\2\\Game\\README.md"
2025-06-11T17:58:19.038428Z  INFO get_files:scan_sources: tailwindcss_oxide::scanner: Discovering "C:\\Users\\ascom\\Desktop\\next repo\\2\\Game\\src"
2025-06-11T17:58:19.038936Z  INFO get_files:scan_sources: tailwindcss_oxide::scanner: Discovering "C:\\Users\\ascom\\Desktop\\next repo\\2\\Game\\src\\app"
2025-06-11T17:58:19.039494Z  INFO get_files:scan_sources: tailwindcss_oxide::scanner: Discovering "C:\\Users\\ascom\\Desktop\\next repo\\2\\Game\\src\\app\\(components)"
2025-06-11T17:58:19.039979Z  INFO get_files:scan_sources: tailwindcss_oxide::scanner: Discovering "C:\\Users\\ascom\\Desktop\\next repo\\2\\Game\\src\\app\\(components)\\shared"
2025-06-11T17:58:19.040377Z  INFO get_files:scan_sources: tailwindcss_oxide::scanner: Discovering "C:\\Users\\ascom\\Desktop\\next repo\\2\\Game\\src\\app\\(components)\\shared\\Footer.tsx"
2025-06-11T17:58:19.040905Z  INFO get_files:scan_sources: tailwindcss_oxide::scanner: Discovering "C:\\Users\\ascom\\Desktop\\next repo\\2\\Game\\src\\app\\(components)\\shared\\GameCard.tsx"
2025-06-11T17:58:19.041223Z  INFO get_files:scan_sources: tailwindcss_oxide::scanner: Discovering "C:\\Users\\ascom\\Desktop\\next repo\\2\\Game\\src\\app\\(components)\\shared\\Navbar.tsx"
2025-06-11T17:58:19.042153Z  INFO get_files:scan_sources: tailwindcss_oxide::scanner: Discovering "C:\\Users\\ascom\\Desktop\\next repo\\2\\Game\\src\\app\\(components)\\shared\\SharedButton.tsx"
2025-06-11T17:58:19.042938Z  INFO get_files:scan_sources: tailwindcss_oxide::scanner: Discovering "C:\\Users\\ascom\\Desktop\\next repo\\2\\Game\\src\\app\\(components)\\styles"
2025-06-11T17:58:19.043818Z  INFO get_files:scan_sources: tailwindcss_oxide::scanner: Discovering "C:\\Users\\ascom\\Desktop\\next repo\\2\\Game\\src\\app\\(components)\\styles\\colors.js"
2025-06-11T17:58:19.044052Z  INFO get_files:scan_sources: tailwindcss_oxide::scanner: Discovering "C:\\Users\\ascom\\Desktop\\next repo\\2\\Game\\src\\app\\(components)\\styles\\fonts.js"
2025-06-11T17:58:19.044815Z  INFO get_files:scan_sources: tailwindcss_oxide::scanner: Discovering "C:\\Users\\ascom\\Desktop\\next repo\\2\\Game\\src\\app\\(components)\\ui"
2025-06-11T17:58:19.045724Z  INFO get_files:scan_sources: tailwindcss_oxide::scanner: Discovering "C:\\Users\\ascom\\Desktop\\next repo\\2\\Game\\src\\app\\(components)\\ui\\Button.tsx"
2025-06-11T17:58:19.046038Z  INFO get_files:scan_sources: tailwindcss_oxide::scanner: Discovering "C:\\Users\\ascom\\Desktop\\next repo\\2\\Game\\src\\app\\(components)\\ui\\Card.tsx"
2025-06-11T17:58:19.046786Z  INFO get_files:scan_sources: tailwindcss_oxide::scanner: Discovering "C:\\Users\\ascom\\Desktop\\next repo\\2\\Game\\src\\app\\games"
2025-06-11T17:58:19.133020Z  INFO get_files:scan_sources: tailwindcss_oxide::scanner: Discovering "C:\\Users\\ascom\\Desktop\\next repo\\2\\Game\\src\\app\\games\\page.tsx"
2025-06-11T17:58:19.133426Z  INFO get_files:scan_sources: tailwindcss_oxide::scanner: Discovering "C:\\Users\\ascom\\Desktop\\next repo\\2\\Game\\src\\app\\games\\[id]"
2025-06-11T17:58:19.133877Z  INFO get_files:scan_sources: tailwindcss_oxide::scanner: Discovering "C:\\Users\\ascom\\Desktop\\next repo\\2\\Game\\src\\app\\games\\[id]\\page.tsx"
2025-06-11T17:58:19.134187Z  INFO get_files:scan_sources: tailwindcss_oxide::scanner: Discovering "C:\\Users\\ascom\\Desktop\\next repo\\2\\Game\\src\\app\\globals.css"
2025-06-11T17:58:19.134617Z  INFO get_files:scan_sources: tailwindcss_oxide::scanner: Discovering "C:\\Users\\ascom\\Desktop\\next repo\\2\\Game\\src\\app\\layout.tsx"
2025-06-11T17:58:19.138245Z  INFO get_files:scan_sources: tailwindcss_oxide::scanner: Discovering "C:\\Users\\ascom\\Desktop\\next repo\\2\\Game\\src\\app\\page.tsx"
2025-06-11T17:58:19.138647Z  INFO get_files:scan_sources: tailwindcss_oxide::scanner: Discovering "C:\\Users\\ascom\\Desktop\\next repo\\2\\Game\\src\\app\\watch-list"
2025-06-11T17:58:19.142905Z  INFO get_files:scan_sources: tailwindcss_oxide::scanner: Discovering "C:\\Users\\ascom\\Desktop\\next repo\\2\\Game\\src\\app\\watch-list\\page.tsx"
2025-06-11T17:58:19.145582Z  INFO get_files:scan_sources: tailwindcss_oxide::scanner: Discovering "C:\\Users\\ascom\\Desktop\\next repo\\2\\Game\\src\\components"
2025-06-11T17:58:19.146712Z  INFO get_files:scan_sources: tailwindcss_oxide::scanner: Discovering "C:\\Users\\ascom\\Desktop\\next repo\\2\\Game\\src\\components\\ui"
2025-06-11T17:58:19.149099Z  INFO get_files:scan_sources: tailwindcss_oxide::scanner: Discovering "C:\\Users\\ascom\\Desktop\\next repo\\2\\Game\\src\\components\\ui\\button.tsx"
2025-06-11T17:58:19.164055Z  INFO get_files:scan_sources: tailwindcss_oxide::scanner: Discovering "C:\\Users\\ascom\\Desktop\\next repo\\2\\Game\\src\\lib"
2025-06-11T17:58:19.165566Z  INFO get_files:scan_sources: tailwindcss_oxide::scanner: Discovering "C:\\Users\\ascom\\Desktop\\next repo\\2\\Game\\src\\lib\\data.js"
2025-06-11T17:58:19.166580Z  INFO get_files:scan_sources: tailwindcss_oxide::scanner: Discovering "C:\\Users\\ascom\\Desktop\\next repo\\2\\Game\\src\\lib\\rowData.json"
2025-06-11T17:58:19.167312Z  INFO get_files:scan_sources: tailwindcss_oxide::scanner: Discovering "C:\\Users\\ascom\\Desktop\\next repo\\2\\Game\\src\\lib\\utils.js"
2025-06-11T17:58:19.167724Z  INFO get_files:scan_sources: tailwindcss_oxide::scanner: Discovering "C:\\Users\\ascom\\Desktop\\next repo\\2\\Game\\src\\lib\\utils.ts"
2025-06-11T17:58:19.168108Z  INFO get_files:scan_sources: tailwindcss_oxide::scanner: Discovering "C:\\Users\\ascom\\Desktop\\next repo\\2\\Game\\tsconfig.json"
2025-06-11T17:58:19.168482Z  INFO get_files:scan_sources: tailwindcss_oxide::scanner: exit
2025-06-11T17:58:19.196086Z  INFO get_files: tailwindcss_oxide::scanner: exit
2025-06-11T17:58:19.196398Z  INFO get_globs: tailwindcss_oxide::scanner: enter
2025-06-11T17:58:19.196429Z  INFO get_globs:scan_sources: tailwindcss_oxide::scanner: enter
2025-06-11T17:58:19.251840Z  INFO get_globs:scan_sources: tailwindcss_oxide::scanner: Discovering "C:\\Users\\ascom\\Desktop\\next repo\\2\\Game\\public"
2025-06-11T17:58:19.253446Z  INFO get_globs:scan_sources: tailwindcss_oxide::scanner: Discovering "C:\\Users\\ascom\\Desktop\\next repo\\2\\Game\\src"
2025-06-11T17:58:19.254037Z  INFO get_globs:scan_sources: tailwindcss_oxide::scanner: Discovering "C:\\Users\\ascom\\Desktop\\next repo\\2\\Game\\src\\app"
2025-06-11T17:58:19.254662Z  INFO get_globs:scan_sources: tailwindcss_oxide::scanner: Discovering "C:\\Users\\ascom\\Desktop\\next repo\\2\\Game\\src\\app\\(components)"
2025-06-11T17:58:19.255139Z  INFO get_globs:scan_sources: tailwindcss_oxide::scanner: Discovering "C:\\Users\\ascom\\Desktop\\next repo\\2\\Game\\src\\app\\(components)\\shared"
2025-06-11T17:58:19.256247Z  INFO get_globs:scan_sources: tailwindcss_oxide::scanner: Discovering "C:\\Users\\ascom\\Desktop\\next repo\\2\\Game\\src\\app\\(components)\\styles"
2025-06-11T17:58:19.257020Z  INFO get_globs:scan_sources: tailwindcss_oxide::scanner: Discovering "C:\\Users\\ascom\\Desktop\\next repo\\2\\Game\\src\\app\\(components)\\ui"
2025-06-11T17:58:19.257879Z  INFO get_globs:scan_sources: tailwindcss_oxide::scanner: Discovering "C:\\Users\\ascom\\Desktop\\next repo\\2\\Game\\src\\app\\games"
2025-06-11T17:58:19.265387Z  INFO get_globs:scan_sources: tailwindcss_oxide::scanner: Discovering "C:\\Users\\ascom\\Desktop\\next repo\\2\\Game\\src\\app\\games\\[id]"
2025-06-11T17:58:19.266979Z  INFO get_globs:scan_sources: tailwindcss_oxide::scanner: Discovering "C:\\Users\\ascom\\Desktop\\next repo\\2\\Game\\src\\app\\watch-list"
2025-06-11T17:58:19.267769Z  INFO get_globs:scan_sources: tailwindcss_oxide::scanner: Discovering "C:\\Users\\ascom\\Desktop\\next repo\\2\\Game\\src\\components"
2025-06-11T17:58:19.268232Z  INFO get_globs:scan_sources: tailwindcss_oxide::scanner: Discovering "C:\\Users\\ascom\\Desktop\\next repo\\2\\Game\\src\\components\\ui"
2025-06-11T17:58:19.268975Z  INFO get_globs:scan_sources: tailwindcss_oxide::scanner: Discovering "C:\\Users\\ascom\\Desktop\\next repo\\2\\Game\\src\\lib"
2025-06-11T17:58:19.270413Z  INFO get_globs:scan_sources: tailwindcss_oxide::scanner: exit
2025-06-11T17:58:19.356280Z  INFO get_globs: tailwindcss_oxide::scanner: exit
2025-06-11T18:04:09.861768Z  INFO tailwindcss_oxide::scanner: Provided sources:
2025-06-11T18:04:09.862073Z  INFO tailwindcss_oxide::scanner: Source: PublicSourceEntry { base: "c:\\Users\\ascom\\Desktop\\next repo\\2\\Game", pattern: "**/*", negated: false }
2025-06-11T18:04:09.862514Z  INFO tailwindcss_oxide::scanner: Optimized sources:
2025-06-11T18:04:09.862530Z  INFO tailwindcss_oxide::scanner: Source: Auto { base: "C:\\Users\\ascom\\Desktop\\next repo\\2\\Game" }
2025-06-11T18:04:09.862647Z  INFO get_files: tailwindcss_oxide::scanner: enter
2025-06-11T18:04:09.862969Z  INFO get_files:scan_sources: tailwindcss_oxide::scanner: enter
2025-06-11T18:04:09.866997Z  INFO get_files:scan_sources: tailwindcss_oxide::scanner: Discovering "C:\\Users\\ascom\\Desktop\\next repo\\2\\Game\\components.json"
2025-06-11T18:04:09.867265Z  INFO get_files:scan_sources: tailwindcss_oxide::scanner: Discovering "C:\\Users\\ascom\\Desktop\\next repo\\2\\Game\\eslint.config.mjs"
2025-06-11T18:04:09.867495Z  INFO get_files:scan_sources: tailwindcss_oxide::scanner: Discovering "C:\\Users\\ascom\\Desktop\\next repo\\2\\Game\\next.config.ts"
2025-06-11T18:04:09.868102Z  INFO get_files:scan_sources: tailwindcss_oxide::scanner: Discovering "C:\\Users\\ascom\\Desktop\\next repo\\2\\Game\\package.json"
2025-06-11T18:04:09.868304Z  INFO get_files:scan_sources: tailwindcss_oxide::scanner: Discovering "C:\\Users\\ascom\\Desktop\\next repo\\2\\Game\\postcss.config.mjs"
2025-06-11T18:04:09.868565Z  INFO get_files:scan_sources: tailwindcss_oxide::scanner: Discovering "C:\\Users\\ascom\\Desktop\\next repo\\2\\Game\\public"
2025-06-11T18:04:09.869239Z  INFO get_files:scan_sources: tailwindcss_oxide::scanner: Discovering "C:\\Users\\ascom\\Desktop\\next repo\\2\\Game\\public\\file.svg"
2025-06-11T18:04:09.869478Z  INFO get_files:scan_sources: tailwindcss_oxide::scanner: Discovering "C:\\Users\\ascom\\Desktop\\next repo\\2\\Game\\public\\globe.svg"
2025-06-11T18:04:09.869693Z  INFO get_files:scan_sources: tailwindcss_oxide::scanner: Discovering "C:\\Users\\ascom\\Desktop\\next repo\\2\\Game\\public\\next.svg"
2025-06-11T18:04:09.870035Z  INFO get_files:scan_sources: tailwindcss_oxide::scanner: Discovering "C:\\Users\\ascom\\Desktop\\next repo\\2\\Game\\public\\vercel.svg"
2025-06-11T18:04:09.870598Z  INFO get_files:scan_sources: tailwindcss_oxide::scanner: Discovering "C:\\Users\\ascom\\Desktop\\next repo\\2\\Game\\public\\window.svg"
2025-06-11T18:04:09.870937Z  INFO get_files:scan_sources: tailwindcss_oxide::scanner: Discovering "C:\\Users\\ascom\\Desktop\\next repo\\2\\Game\\README.md"
2025-06-11T18:04:09.871324Z  INFO get_files:scan_sources: tailwindcss_oxide::scanner: Discovering "C:\\Users\\ascom\\Desktop\\next repo\\2\\Game\\src"
2025-06-11T18:04:09.871826Z  INFO get_files:scan_sources: tailwindcss_oxide::scanner: Discovering "C:\\Users\\ascom\\Desktop\\next repo\\2\\Game\\src\\app"
2025-06-11T18:04:09.872341Z  INFO get_files:scan_sources: tailwindcss_oxide::scanner: Discovering "C:\\Users\\ascom\\Desktop\\next repo\\2\\Game\\src\\app\\(components)"
2025-06-11T18:04:09.872824Z  INFO get_files:scan_sources: tailwindcss_oxide::scanner: Discovering "C:\\Users\\ascom\\Desktop\\next repo\\2\\Game\\src\\app\\(components)\\shared"
2025-06-11T18:04:09.873267Z  INFO get_files:scan_sources: tailwindcss_oxide::scanner: Discovering "C:\\Users\\ascom\\Desktop\\next repo\\2\\Game\\src\\app\\(components)\\shared\\Footer.tsx"
2025-06-11T18:04:09.873492Z  INFO get_files:scan_sources: tailwindcss_oxide::scanner: Discovering "C:\\Users\\ascom\\Desktop\\next repo\\2\\Game\\src\\app\\(components)\\shared\\GameCard.tsx"
2025-06-11T18:04:09.873709Z  INFO get_files:scan_sources: tailwindcss_oxide::scanner: Discovering "C:\\Users\\ascom\\Desktop\\next repo\\2\\Game\\src\\app\\(components)\\shared\\Navbar.tsx"
2025-06-11T18:04:09.873998Z  INFO get_files:scan_sources: tailwindcss_oxide::scanner: Discovering "C:\\Users\\ascom\\Desktop\\next repo\\2\\Game\\src\\app\\(components)\\shared\\SharedButton.tsx"
2025-06-11T18:04:09.874397Z  INFO get_files:scan_sources: tailwindcss_oxide::scanner: Discovering "C:\\Users\\ascom\\Desktop\\next repo\\2\\Game\\src\\app\\(components)\\styles"
2025-06-11T18:04:09.874831Z  INFO get_files:scan_sources: tailwindcss_oxide::scanner: Discovering "C:\\Users\\ascom\\Desktop\\next repo\\2\\Game\\src\\app\\(components)\\styles\\colors.js"
2025-06-11T18:04:09.875089Z  INFO get_files:scan_sources: tailwindcss_oxide::scanner: Discovering "C:\\Users\\ascom\\Desktop\\next repo\\2\\Game\\src\\app\\(components)\\styles\\fonts.js"
2025-06-11T18:04:09.875705Z  INFO get_files:scan_sources: tailwindcss_oxide::scanner: Discovering "C:\\Users\\ascom\\Desktop\\next repo\\2\\Game\\src\\app\\(components)\\ui"
2025-06-11T18:04:09.876064Z  INFO get_files:scan_sources: tailwindcss_oxide::scanner: Discovering "C:\\Users\\ascom\\Desktop\\next repo\\2\\Game\\src\\app\\(components)\\ui\\Button.tsx"
2025-06-11T18:04:09.876450Z  INFO get_files:scan_sources: tailwindcss_oxide::scanner: Discovering "C:\\Users\\ascom\\Desktop\\next repo\\2\\Game\\src\\app\\(components)\\ui\\Card.tsx"
2025-06-11T18:04:09.876961Z  INFO get_files:scan_sources: tailwindcss_oxide::scanner: Discovering "C:\\Users\\ascom\\Desktop\\next repo\\2\\Game\\src\\app\\games"
2025-06-11T18:04:09.877649Z  INFO get_files:scan_sources: tailwindcss_oxide::scanner: Discovering "C:\\Users\\ascom\\Desktop\\next repo\\2\\Game\\src\\app\\games\\page.tsx"
2025-06-11T18:04:09.879523Z  INFO get_files:scan_sources: tailwindcss_oxide::scanner: Discovering "C:\\Users\\ascom\\Desktop\\next repo\\2\\Game\\src\\app\\games\\[id]"
2025-06-11T18:04:09.880776Z  INFO get_files:scan_sources: tailwindcss_oxide::scanner: Discovering "C:\\Users\\ascom\\Desktop\\next repo\\2\\Game\\src\\app\\games\\[id]\\page.tsx"
2025-06-11T18:04:09.881302Z  INFO get_files:scan_sources: tailwindcss_oxide::scanner: Discovering "C:\\Users\\ascom\\Desktop\\next repo\\2\\Game\\src\\app\\globals.css"
2025-06-11T18:04:09.881614Z  INFO get_files:scan_sources: tailwindcss_oxide::scanner: Discovering "C:\\Users\\ascom\\Desktop\\next repo\\2\\Game\\src\\app\\layout.tsx"
2025-06-11T18:04:09.882047Z  INFO get_files:scan_sources: tailwindcss_oxide::scanner: Discovering "C:\\Users\\ascom\\Desktop\\next repo\\2\\Game\\src\\app\\page.tsx"
2025-06-11T18:04:09.882377Z  INFO get_files:scan_sources: tailwindcss_oxide::scanner: Discovering "C:\\Users\\ascom\\Desktop\\next repo\\2\\Game\\src\\app\\watch-list"
2025-06-11T18:04:09.882881Z  INFO get_files:scan_sources: tailwindcss_oxide::scanner: Discovering "C:\\Users\\ascom\\Desktop\\next repo\\2\\Game\\src\\app\\watch-list\\page.tsx"
2025-06-11T18:04:09.883467Z  INFO get_files:scan_sources: tailwindcss_oxide::scanner: Discovering "C:\\Users\\ascom\\Desktop\\next repo\\2\\Game\\src\\components"
2025-06-11T18:04:09.884084Z  INFO get_files:scan_sources: tailwindcss_oxide::scanner: Discovering "C:\\Users\\ascom\\Desktop\\next repo\\2\\Game\\src\\components\\ui"
2025-06-11T18:04:09.884464Z  INFO get_files:scan_sources: tailwindcss_oxide::scanner: Discovering "C:\\Users\\ascom\\Desktop\\next repo\\2\\Game\\src\\components\\ui\\button.tsx"
2025-06-11T18:04:09.884844Z  INFO get_files:scan_sources: tailwindcss_oxide::scanner: Discovering "C:\\Users\\ascom\\Desktop\\next repo\\2\\Game\\src\\lib"
2025-06-11T18:04:09.885194Z  INFO get_files:scan_sources: tailwindcss_oxide::scanner: Discovering "C:\\Users\\ascom\\Desktop\\next repo\\2\\Game\\src\\lib\\data.js"
2025-06-11T18:04:09.885407Z  INFO get_files:scan_sources: tailwindcss_oxide::scanner: Discovering "C:\\Users\\ascom\\Desktop\\next repo\\2\\Game\\src\\lib\\rowData.json"
2025-06-11T18:04:09.885623Z  INFO get_files:scan_sources: tailwindcss_oxide::scanner: Discovering "C:\\Users\\ascom\\Desktop\\next repo\\2\\Game\\src\\lib\\utils.js"
2025-06-11T18:04:09.885814Z  INFO get_files:scan_sources: tailwindcss_oxide::scanner: Discovering "C:\\Users\\ascom\\Desktop\\next repo\\2\\Game\\src\\lib\\utils.ts"
2025-06-11T18:04:09.886161Z  INFO get_files:scan_sources: tailwindcss_oxide::scanner: Discovering "C:\\Users\\ascom\\Desktop\\next repo\\2\\Game\\tsconfig.json"
2025-06-11T18:04:09.887027Z  INFO get_files:scan_sources: tailwindcss_oxide::scanner: exit
2025-06-11T18:04:09.888023Z  INFO get_files: tailwindcss_oxide::scanner: exit
2025-06-11T18:04:09.888105Z  INFO get_globs: tailwindcss_oxide::scanner: enter
2025-06-11T18:04:09.888127Z  INFO get_globs:scan_sources: tailwindcss_oxide::scanner: enter
2025-06-11T18:04:09.892680Z  INFO get_globs:scan_sources: tailwindcss_oxide::scanner: Discovering "C:\\Users\\ascom\\Desktop\\next repo\\2\\Game\\public"
2025-06-11T18:04:09.893807Z  INFO get_globs:scan_sources: tailwindcss_oxide::scanner: Discovering "C:\\Users\\ascom\\Desktop\\next repo\\2\\Game\\src"
2025-06-11T18:04:09.894237Z  INFO get_globs:scan_sources: tailwindcss_oxide::scanner: Discovering "C:\\Users\\ascom\\Desktop\\next repo\\2\\Game\\src\\app"
2025-06-11T18:04:09.894646Z  INFO get_globs:scan_sources: tailwindcss_oxide::scanner: Discovering "C:\\Users\\ascom\\Desktop\\next repo\\2\\Game\\src\\app\\(components)"
2025-06-11T18:04:09.895060Z  INFO get_globs:scan_sources: tailwindcss_oxide::scanner: Discovering "C:\\Users\\ascom\\Desktop\\next repo\\2\\Game\\src\\app\\(components)\\shared"
2025-06-11T18:04:09.895971Z  INFO get_globs:scan_sources: tailwindcss_oxide::scanner: Discovering "C:\\Users\\ascom\\Desktop\\next repo\\2\\Game\\src\\app\\(components)\\styles"
2025-06-11T18:04:09.896606Z  INFO get_globs:scan_sources: tailwindcss_oxide::scanner: Discovering "C:\\Users\\ascom\\Desktop\\next repo\\2\\Game\\src\\app\\(components)\\ui"
2025-06-11T18:04:09.897316Z  INFO get_globs:scan_sources: tailwindcss_oxide::scanner: Discovering "C:\\Users\\ascom\\Desktop\\next repo\\2\\Game\\src\\app\\games"
2025-06-11T18:04:09.897821Z  INFO get_globs:scan_sources: tailwindcss_oxide::scanner: Discovering "C:\\Users\\ascom\\Desktop\\next repo\\2\\Game\\src\\app\\games\\[id]"
2025-06-11T18:04:09.898700Z  INFO get_globs:scan_sources: tailwindcss_oxide::scanner: Discovering "C:\\Users\\ascom\\Desktop\\next repo\\2\\Game\\src\\app\\watch-list"
2025-06-11T18:04:09.899271Z  INFO get_globs:scan_sources: tailwindcss_oxide::scanner: Discovering "C:\\Users\\ascom\\Desktop\\next repo\\2\\Game\\src\\components"
2025-06-11T18:04:09.899661Z  INFO get_globs:scan_sources: tailwindcss_oxide::scanner: Discovering "C:\\Users\\ascom\\Desktop\\next repo\\2\\Game\\src\\components\\ui"
2025-06-11T18:04:09.900229Z  INFO get_globs:scan_sources: tailwindcss_oxide::scanner: Discovering "C:\\Users\\ascom\\Desktop\\next repo\\2\\Game\\src\\lib"
2025-06-11T18:04:09.901229Z  INFO get_globs:scan_sources: tailwindcss_oxide::scanner: exit
2025-06-11T18:04:09.916051Z  INFO get_globs: tailwindcss_oxide::scanner: exit
2025-06-11T18:04:11.021875Z  INFO tailwindcss_oxide::scanner: Provided sources:
2025-06-11T18:04:11.021909Z  INFO tailwindcss_oxide::scanner: Source: PublicSourceEntry { base: "c:\\Users\\ascom\\Desktop\\next repo\\2\\Game", pattern: "**/*", negated: false }
2025-06-11T18:04:11.022112Z  INFO tailwindcss_oxide::scanner: Optimized sources:
2025-06-11T18:04:11.022131Z  INFO tailwindcss_oxide::scanner: Source: Auto { base: "C:\\Users\\ascom\\Desktop\\next repo\\2\\Game" }
2025-06-11T18:04:11.022270Z  INFO get_files: tailwindcss_oxide::scanner: enter
2025-06-11T18:04:11.022343Z  INFO get_files:scan_sources: tailwindcss_oxide::scanner: enter
2025-06-11T18:04:11.025961Z  INFO get_files:scan_sources: tailwindcss_oxide::scanner: Discovering "C:\\Users\\ascom\\Desktop\\next repo\\2\\Game\\components.json"
2025-06-11T18:04:11.026206Z  INFO get_files:scan_sources: tailwindcss_oxide::scanner: Discovering "C:\\Users\\ascom\\Desktop\\next repo\\2\\Game\\eslint.config.mjs"
2025-06-11T18:04:11.026408Z  INFO get_files:scan_sources: tailwindcss_oxide::scanner: Discovering "C:\\Users\\ascom\\Desktop\\next repo\\2\\Game\\next.config.ts"
2025-06-11T18:04:11.027119Z  INFO get_files:scan_sources: tailwindcss_oxide::scanner: Discovering "C:\\Users\\ascom\\Desktop\\next repo\\2\\Game\\package.json"
2025-06-11T18:04:11.027347Z  INFO get_files:scan_sources: tailwindcss_oxide::scanner: Discovering "C:\\Users\\ascom\\Desktop\\next repo\\2\\Game\\postcss.config.mjs"
2025-06-11T18:04:11.027634Z  INFO get_files:scan_sources: tailwindcss_oxide::scanner: Discovering "C:\\Users\\ascom\\Desktop\\next repo\\2\\Game\\public"
2025-06-11T18:04:11.028015Z  INFO get_files:scan_sources: tailwindcss_oxide::scanner: Discovering "C:\\Users\\ascom\\Desktop\\next repo\\2\\Game\\public\\file.svg"
2025-06-11T18:04:11.028229Z  INFO get_files:scan_sources: tailwindcss_oxide::scanner: Discovering "C:\\Users\\ascom\\Desktop\\next repo\\2\\Game\\public\\globe.svg"
2025-06-11T18:04:11.028444Z  INFO get_files:scan_sources: tailwindcss_oxide::scanner: Discovering "C:\\Users\\ascom\\Desktop\\next repo\\2\\Game\\public\\next.svg"
2025-06-11T18:04:11.028653Z  INFO get_files:scan_sources: tailwindcss_oxide::scanner: Discovering "C:\\Users\\ascom\\Desktop\\next repo\\2\\Game\\public\\vercel.svg"
2025-06-11T18:04:11.028862Z  INFO get_files:scan_sources: tailwindcss_oxide::scanner: Discovering "C:\\Users\\ascom\\Desktop\\next repo\\2\\Game\\public\\window.svg"
2025-06-11T18:04:11.029130Z  INFO get_files:scan_sources: tailwindcss_oxide::scanner: Discovering "C:\\Users\\ascom\\Desktop\\next repo\\2\\Game\\README.md"
2025-06-11T18:04:11.029443Z  INFO get_files:scan_sources: tailwindcss_oxide::scanner: Discovering "C:\\Users\\ascom\\Desktop\\next repo\\2\\Game\\src"
2025-06-11T18:04:11.029914Z  INFO get_files:scan_sources: tailwindcss_oxide::scanner: Discovering "C:\\Users\\ascom\\Desktop\\next repo\\2\\Game\\src\\app"
2025-06-11T18:04:11.030377Z  INFO get_files:scan_sources: tailwindcss_oxide::scanner: Discovering "C:\\Users\\ascom\\Desktop\\next repo\\2\\Game\\src\\app\\(components)"
2025-06-11T18:04:11.030851Z  INFO get_files:scan_sources: tailwindcss_oxide::scanner: Discovering "C:\\Users\\ascom\\Desktop\\next repo\\2\\Game\\src\\app\\(components)\\shared"
2025-06-11T18:04:11.031252Z  INFO get_files:scan_sources: tailwindcss_oxide::scanner: Discovering "C:\\Users\\ascom\\Desktop\\next repo\\2\\Game\\src\\app\\(components)\\shared\\Footer.tsx"
2025-06-11T18:04:11.031504Z  INFO get_files:scan_sources: tailwindcss_oxide::scanner: Discovering "C:\\Users\\ascom\\Desktop\\next repo\\2\\Game\\src\\app\\(components)\\shared\\GameCard.tsx"
2025-06-11T18:04:11.031868Z  INFO get_files:scan_sources: tailwindcss_oxide::scanner: Discovering "C:\\Users\\ascom\\Desktop\\next repo\\2\\Game\\src\\app\\(components)\\shared\\Navbar.tsx"
2025-06-11T18:04:11.032148Z  INFO get_files:scan_sources: tailwindcss_oxide::scanner: Discovering "C:\\Users\\ascom\\Desktop\\next repo\\2\\Game\\src\\app\\(components)\\shared\\SharedButton.tsx"
2025-06-11T18:04:11.032517Z  INFO get_files:scan_sources: tailwindcss_oxide::scanner: Discovering "C:\\Users\\ascom\\Desktop\\next repo\\2\\Game\\src\\app\\(components)\\styles"
2025-06-11T18:04:11.032894Z  INFO get_files:scan_sources: tailwindcss_oxide::scanner: Discovering "C:\\Users\\ascom\\Desktop\\next repo\\2\\Game\\src\\app\\(components)\\styles\\colors.js"
2025-06-11T18:04:11.033129Z  INFO get_files:scan_sources: tailwindcss_oxide::scanner: Discovering "C:\\Users\\ascom\\Desktop\\next repo\\2\\Game\\src\\app\\(components)\\styles\\fonts.js"
2025-06-11T18:04:11.033468Z  INFO get_files:scan_sources: tailwindcss_oxide::scanner: Discovering "C:\\Users\\ascom\\Desktop\\next repo\\2\\Game\\src\\app\\(components)\\ui"
2025-06-11T18:04:11.033813Z  INFO get_files:scan_sources: tailwindcss_oxide::scanner: Discovering "C:\\Users\\ascom\\Desktop\\next repo\\2\\Game\\src\\app\\(components)\\ui\\Button.tsx"
2025-06-11T18:04:11.033989Z  INFO get_files:scan_sources: tailwindcss_oxide::scanner: Discovering "C:\\Users\\ascom\\Desktop\\next repo\\2\\Game\\src\\app\\(components)\\ui\\Card.tsx"
2025-06-11T18:04:11.034271Z  INFO get_files:scan_sources: tailwindcss_oxide::scanner: Discovering "C:\\Users\\ascom\\Desktop\\next repo\\2\\Game\\src\\app\\games"
2025-06-11T18:04:11.034504Z  INFO get_files:scan_sources: tailwindcss_oxide::scanner: Discovering "C:\\Users\\ascom\\Desktop\\next repo\\2\\Game\\src\\app\\games\\page.tsx"
2025-06-11T18:04:11.034796Z  INFO get_files:scan_sources: tailwindcss_oxide::scanner: Discovering "C:\\Users\\ascom\\Desktop\\next repo\\2\\Game\\src\\app\\games\\[id]"
2025-06-11T18:04:11.035094Z  INFO get_files:scan_sources: tailwindcss_oxide::scanner: Discovering "C:\\Users\\ascom\\Desktop\\next repo\\2\\Game\\src\\app\\games\\[id]\\page.tsx"
2025-06-11T18:04:11.035310Z  INFO get_files:scan_sources: tailwindcss_oxide::scanner: Discovering "C:\\Users\\ascom\\Desktop\\next repo\\2\\Game\\src\\app\\globals.css"
2025-06-11T18:04:11.035454Z  INFO get_files:scan_sources: tailwindcss_oxide::scanner: Discovering "C:\\Users\\ascom\\Desktop\\next repo\\2\\Game\\src\\app\\layout.tsx"
2025-06-11T18:04:11.035687Z  INFO get_files:scan_sources: tailwindcss_oxide::scanner: Discovering "C:\\Users\\ascom\\Desktop\\next repo\\2\\Game\\src\\app\\page.tsx"
2025-06-11T18:04:11.035969Z  INFO get_files:scan_sources: tailwindcss_oxide::scanner: Discovering "C:\\Users\\ascom\\Desktop\\next repo\\2\\Game\\src\\app\\watch-list"
2025-06-11T18:04:11.036264Z  INFO get_files:scan_sources: tailwindcss_oxide::scanner: Discovering "C:\\Users\\ascom\\Desktop\\next repo\\2\\Game\\src\\app\\watch-list\\page.tsx"
2025-06-11T18:04:11.036581Z  INFO get_files:scan_sources: tailwindcss_oxide::scanner: Discovering "C:\\Users\\ascom\\Desktop\\next repo\\2\\Game\\src\\components"
2025-06-11T18:04:11.036986Z  INFO get_files:scan_sources: tailwindcss_oxide::scanner: Discovering "C:\\Users\\ascom\\Desktop\\next repo\\2\\Game\\src\\components\\ui"
2025-06-11T18:04:11.037292Z  INFO get_files:scan_sources: tailwindcss_oxide::scanner: Discovering "C:\\Users\\ascom\\Desktop\\next repo\\2\\Game\\src\\components\\ui\\button.tsx"
2025-06-11T18:04:11.037730Z  INFO get_files:scan_sources: tailwindcss_oxide::scanner: Discovering "C:\\Users\\ascom\\Desktop\\next repo\\2\\Game\\src\\lib"
2025-06-11T18:04:11.038136Z  INFO get_files:scan_sources: tailwindcss_oxide::scanner: Discovering "C:\\Users\\ascom\\Desktop\\next repo\\2\\Game\\src\\lib\\data.js"
2025-06-11T18:04:11.038336Z  INFO get_files:scan_sources: tailwindcss_oxide::scanner: Discovering "C:\\Users\\ascom\\Desktop\\next repo\\2\\Game\\src\\lib\\rowData.json"
2025-06-11T18:04:11.038538Z  INFO get_files:scan_sources: tailwindcss_oxide::scanner: Discovering "C:\\Users\\ascom\\Desktop\\next repo\\2\\Game\\src\\lib\\utils.js"
2025-06-11T18:04:11.038743Z  INFO get_files:scan_sources: tailwindcss_oxide::scanner: Discovering "C:\\Users\\ascom\\Desktop\\next repo\\2\\Game\\src\\lib\\utils.ts"
2025-06-11T18:04:11.039080Z  INFO get_files:scan_sources: tailwindcss_oxide::scanner: Discovering "C:\\Users\\ascom\\Desktop\\next repo\\2\\Game\\tsconfig.json"
2025-06-11T18:04:11.039372Z  INFO get_files:scan_sources: tailwindcss_oxide::scanner: exit
2025-06-11T18:04:11.039516Z  INFO get_files: tailwindcss_oxide::scanner: exit
2025-06-11T18:04:11.039585Z  INFO get_globs: tailwindcss_oxide::scanner: enter
2025-06-11T18:04:11.039602Z  INFO get_globs:scan_sources: tailwindcss_oxide::scanner: enter
2025-06-11T18:04:11.043656Z  INFO get_globs:scan_sources: tailwindcss_oxide::scanner: Discovering "C:\\Users\\ascom\\Desktop\\next repo\\2\\Game\\public"
2025-06-11T18:04:11.044658Z  INFO get_globs:scan_sources: tailwindcss_oxide::scanner: Discovering "C:\\Users\\ascom\\Desktop\\next repo\\2\\Game\\src"
2025-06-11T18:04:11.045042Z  INFO get_globs:scan_sources: tailwindcss_oxide::scanner: Discovering "C:\\Users\\ascom\\Desktop\\next repo\\2\\Game\\src\\app"
2025-06-11T18:04:11.045438Z  INFO get_globs:scan_sources: tailwindcss_oxide::scanner: Discovering "C:\\Users\\ascom\\Desktop\\next repo\\2\\Game\\src\\app\\(components)"
2025-06-11T18:04:11.045828Z  INFO get_globs:scan_sources: tailwindcss_oxide::scanner: Discovering "C:\\Users\\ascom\\Desktop\\next repo\\2\\Game\\src\\app\\(components)\\shared"
2025-06-11T18:04:11.046678Z  INFO get_globs:scan_sources: tailwindcss_oxide::scanner: Discovering "C:\\Users\\ascom\\Desktop\\next repo\\2\\Game\\src\\app\\(components)\\styles"
2025-06-11T18:04:11.047272Z  INFO get_globs:scan_sources: tailwindcss_oxide::scanner: Discovering "C:\\Users\\ascom\\Desktop\\next repo\\2\\Game\\src\\app\\(components)\\ui"
2025-06-11T18:04:11.048382Z  INFO get_globs:scan_sources: tailwindcss_oxide::scanner: Discovering "C:\\Users\\ascom\\Desktop\\next repo\\2\\Game\\src\\app\\games"
2025-06-11T18:04:11.048958Z  INFO get_globs:scan_sources: tailwindcss_oxide::scanner: Discovering "C:\\Users\\ascom\\Desktop\\next repo\\2\\Game\\src\\app\\games\\[id]"
2025-06-11T18:04:11.050073Z  INFO get_globs:scan_sources: tailwindcss_oxide::scanner: Discovering "C:\\Users\\ascom\\Desktop\\next repo\\2\\Game\\src\\app\\watch-list"
2025-06-11T18:04:11.050690Z  INFO get_globs:scan_sources: tailwindcss_oxide::scanner: Discovering "C:\\Users\\ascom\\Desktop\\next repo\\2\\Game\\src\\components"
2025-06-11T18:04:11.051126Z  INFO get_globs:scan_sources: tailwindcss_oxide::scanner: Discovering "C:\\Users\\ascom\\Desktop\\next repo\\2\\Game\\src\\components\\ui"
2025-06-11T18:04:11.051749Z  INFO get_globs:scan_sources: tailwindcss_oxide::scanner: Discovering "C:\\Users\\ascom\\Desktop\\next repo\\2\\Game\\src\\lib"
2025-06-11T18:04:11.053566Z  INFO get_globs:scan_sources: tailwindcss_oxide::scanner: exit
2025-06-11T18:04:11.062232Z  INFO get_globs: tailwindcss_oxide::scanner: exit
2025-06-11T18:31:50.881528Z  INFO tailwindcss_oxide::scanner: Provided sources:
2025-06-11T18:31:50.881868Z  INFO tailwindcss_oxide::scanner: Source: PublicSourceEntry { base: "c:\\Users\\ascom\\Desktop\\next repo\\2\\Game", pattern: "**/*", negated: false }
2025-06-11T18:31:50.882685Z  INFO tailwindcss_oxide::scanner: Optimized sources:
2025-06-11T18:31:50.882711Z  INFO tailwindcss_oxide::scanner: Source: Auto { base: "C:\\Users\\ascom\\Desktop\\next repo\\2\\Game" }
2025-06-11T18:31:50.883064Z  INFO get_files: tailwindcss_oxide::scanner: enter
2025-06-11T18:31:50.883100Z  INFO get_files:scan_sources: tailwindcss_oxide::scanner: enter
2025-06-11T18:31:50.888811Z  INFO get_files:scan_sources: tailwindcss_oxide::scanner: Discovering "C:\\Users\\ascom\\Desktop\\next repo\\2\\Game\\components.json"
2025-06-11T18:31:50.890733Z  INFO get_files:scan_sources: tailwindcss_oxide::scanner: Discovering "C:\\Users\\ascom\\Desktop\\next repo\\2\\Game\\eslint.config.mjs"
2025-06-11T18:31:50.891036Z  INFO get_files:scan_sources: tailwindcss_oxide::scanner: Discovering "C:\\Users\\ascom\\Desktop\\next repo\\2\\Game\\next.config.ts"
2025-06-11T18:31:50.891743Z  INFO get_files:scan_sources: tailwindcss_oxide::scanner: Discovering "C:\\Users\\ascom\\Desktop\\next repo\\2\\Game\\package.json"
2025-06-11T18:31:50.891993Z  INFO get_files:scan_sources: tailwindcss_oxide::scanner: Discovering "C:\\Users\\ascom\\Desktop\\next repo\\2\\Game\\postcss.config.mjs"
2025-06-11T18:31:50.892291Z  INFO get_files:scan_sources: tailwindcss_oxide::scanner: Discovering "C:\\Users\\ascom\\Desktop\\next repo\\2\\Game\\public"
2025-06-11T18:31:50.893680Z  INFO get_files:scan_sources: tailwindcss_oxide::scanner: Discovering "C:\\Users\\ascom\\Desktop\\next repo\\2\\Game\\public\\file.svg"
2025-06-11T18:31:50.894260Z  INFO get_files:scan_sources: tailwindcss_oxide::scanner: Discovering "C:\\Users\\ascom\\Desktop\\next repo\\2\\Game\\public\\globe.svg"
2025-06-11T18:31:50.894512Z  INFO get_files:scan_sources: tailwindcss_oxide::scanner: Discovering "C:\\Users\\ascom\\Desktop\\next repo\\2\\Game\\public\\next.svg"
2025-06-11T18:31:50.894743Z  INFO get_files:scan_sources: tailwindcss_oxide::scanner: Discovering "C:\\Users\\ascom\\Desktop\\next repo\\2\\Game\\public\\vercel.svg"
2025-06-11T18:31:50.894970Z  INFO get_files:scan_sources: tailwindcss_oxide::scanner: Discovering "C:\\Users\\ascom\\Desktop\\next repo\\2\\Game\\public\\window.svg"
2025-06-11T18:31:50.895244Z  INFO get_files:scan_sources: tailwindcss_oxide::scanner: Discovering "C:\\Users\\ascom\\Desktop\\next repo\\2\\Game\\README.md"
2025-06-11T18:31:50.895550Z  INFO get_files:scan_sources: tailwindcss_oxide::scanner: Discovering "C:\\Users\\ascom\\Desktop\\next repo\\2\\Game\\src"
2025-06-11T18:31:50.896092Z  INFO get_files:scan_sources: tailwindcss_oxide::scanner: Discovering "C:\\Users\\ascom\\Desktop\\next repo\\2\\Game\\src\\app"
2025-06-11T18:31:50.896734Z  INFO get_files:scan_sources: tailwindcss_oxide::scanner: Discovering "C:\\Users\\ascom\\Desktop\\next repo\\2\\Game\\src\\app\\(components)"
2025-06-11T18:31:50.899105Z  INFO get_files:scan_sources: tailwindcss_oxide::scanner: Discovering "C:\\Users\\ascom\\Desktop\\next repo\\2\\Game\\src\\app\\(components)\\shared"
2025-06-11T18:31:50.900315Z  INFO get_files:scan_sources: tailwindcss_oxide::scanner: Discovering "C:\\Users\\ascom\\Desktop\\next repo\\2\\Game\\src\\app\\(components)\\shared\\Footer.tsx"
2025-06-11T18:31:50.901007Z  INFO get_files:scan_sources: tailwindcss_oxide::scanner: Discovering "C:\\Users\\ascom\\Desktop\\next repo\\2\\Game\\src\\app\\(components)\\shared\\GameCard.tsx"
2025-06-11T18:31:50.901239Z  INFO get_files:scan_sources: tailwindcss_oxide::scanner: Discovering "C:\\Users\\ascom\\Desktop\\next repo\\2\\Game\\src\\app\\(components)\\shared\\Navbar.tsx"
2025-06-11T18:31:50.901459Z  INFO get_files:scan_sources: tailwindcss_oxide::scanner: Discovering "C:\\Users\\ascom\\Desktop\\next repo\\2\\Game\\src\\app\\(components)\\shared\\SharedButton.tsx"
2025-06-11T18:31:50.901807Z  INFO get_files:scan_sources: tailwindcss_oxide::scanner: Discovering "C:\\Users\\ascom\\Desktop\\next repo\\2\\Game\\src\\app\\(components)\\styles"
2025-06-11T18:31:50.902194Z  INFO get_files:scan_sources: tailwindcss_oxide::scanner: Discovering "C:\\Users\\ascom\\Desktop\\next repo\\2\\Game\\src\\app\\(components)\\styles\\colors.js"
2025-06-11T18:31:50.902395Z  INFO get_files:scan_sources: tailwindcss_oxide::scanner: Discovering "C:\\Users\\ascom\\Desktop\\next repo\\2\\Game\\src\\app\\(components)\\styles\\fonts.js"
2025-06-11T18:31:50.902970Z  INFO get_files:scan_sources: tailwindcss_oxide::scanner: Discovering "C:\\Users\\ascom\\Desktop\\next repo\\2\\Game\\src\\app\\games"
2025-06-11T18:31:50.903926Z  INFO get_files:scan_sources: tailwindcss_oxide::scanner: Discovering "C:\\Users\\ascom\\Desktop\\next repo\\2\\Game\\src\\app\\games\\page.tsx"
2025-06-11T18:31:50.904255Z  INFO get_files:scan_sources: tailwindcss_oxide::scanner: Discovering "C:\\Users\\ascom\\Desktop\\next repo\\2\\Game\\src\\app\\games\\[id]"
2025-06-11T18:31:50.904673Z  INFO get_files:scan_sources: tailwindcss_oxide::scanner: Discovering "C:\\Users\\ascom\\Desktop\\next repo\\2\\Game\\src\\app\\games\\[id]\\page.tsx"
2025-06-11T18:31:50.905160Z  INFO get_files:scan_sources: tailwindcss_oxide::scanner: Discovering "C:\\Users\\ascom\\Desktop\\next repo\\2\\Game\\src\\app\\globals.css"
2025-06-11T18:31:50.906579Z  INFO get_files:scan_sources: tailwindcss_oxide::scanner: Discovering "C:\\Users\\ascom\\Desktop\\next repo\\2\\Game\\src\\app\\layout.tsx"
2025-06-11T18:31:50.907540Z  INFO get_files:scan_sources: tailwindcss_oxide::scanner: Discovering "C:\\Users\\ascom\\Desktop\\next repo\\2\\Game\\src\\app\\page.tsx"
2025-06-11T18:31:50.911258Z  INFO get_files:scan_sources: tailwindcss_oxide::scanner: Discovering "C:\\Users\\ascom\\Desktop\\next repo\\2\\Game\\src\\app\\watch-list"
2025-06-11T18:31:50.911990Z  INFO get_files:scan_sources: tailwindcss_oxide::scanner: Discovering "C:\\Users\\ascom\\Desktop\\next repo\\2\\Game\\src\\app\\watch-list\\page.tsx"
2025-06-11T18:31:50.912526Z  INFO get_files:scan_sources: tailwindcss_oxide::scanner: Discovering "C:\\Users\\ascom\\Desktop\\next repo\\2\\Game\\src\\components"
2025-06-11T18:31:50.913075Z  INFO get_files:scan_sources: tailwindcss_oxide::scanner: Discovering "C:\\Users\\ascom\\Desktop\\next repo\\2\\Game\\src\\components\\ui"
2025-06-11T18:31:50.913573Z  INFO get_files:scan_sources: tailwindcss_oxide::scanner: Discovering "C:\\Users\\ascom\\Desktop\\next repo\\2\\Game\\src\\components\\ui\\button.tsx"
2025-06-11T18:31:50.914028Z  INFO get_files:scan_sources: tailwindcss_oxide::scanner: Discovering "C:\\Users\\ascom\\Desktop\\next repo\\2\\Game\\src\\components\\ui\\card.tsx"
2025-06-11T18:31:50.915427Z  INFO get_files:scan_sources: tailwindcss_oxide::scanner: Discovering "C:\\Users\\ascom\\Desktop\\next repo\\2\\Game\\src\\lib"
2025-06-11T18:31:50.916384Z  INFO get_files:scan_sources: tailwindcss_oxide::scanner: Discovering "C:\\Users\\ascom\\Desktop\\next repo\\2\\Game\\src\\lib\\data.js"
2025-06-11T18:31:50.916629Z  INFO get_files:scan_sources: tailwindcss_oxide::scanner: Discovering "C:\\Users\\ascom\\Desktop\\next repo\\2\\Game\\src\\lib\\rowData.json"
2025-06-11T18:31:50.916958Z  INFO get_files:scan_sources: tailwindcss_oxide::scanner: Discovering "C:\\Users\\ascom\\Desktop\\next repo\\2\\Game\\src\\lib\\utils.js"
2025-06-11T18:31:50.917249Z  INFO get_files:scan_sources: tailwindcss_oxide::scanner: Discovering "C:\\Users\\ascom\\Desktop\\next repo\\2\\Game\\src\\lib\\utils.ts"
2025-06-11T18:31:50.917997Z  INFO get_files:scan_sources: tailwindcss_oxide::scanner: Discovering "C:\\Users\\ascom\\Desktop\\next repo\\2\\Game\\tsconfig.json"
2025-06-11T18:31:50.918310Z  INFO get_files:scan_sources: tailwindcss_oxide::scanner: exit
2025-06-11T18:31:50.919297Z  INFO get_files: tailwindcss_oxide::scanner: exit
2025-06-11T18:31:50.919396Z  INFO get_globs: tailwindcss_oxide::scanner: enter
2025-06-11T18:31:50.919430Z  INFO get_globs:scan_sources: tailwindcss_oxide::scanner: enter
2025-06-11T18:31:50.926748Z  INFO get_globs:scan_sources: tailwindcss_oxide::scanner: Discovering "C:\\Users\\ascom\\Desktop\\next repo\\2\\Game\\public"
2025-06-11T18:31:50.927993Z  INFO get_globs:scan_sources: tailwindcss_oxide::scanner: Discovering "C:\\Users\\ascom\\Desktop\\next repo\\2\\Game\\src"
2025-06-11T18:31:50.928456Z  INFO get_globs:scan_sources: tailwindcss_oxide::scanner: Discovering "C:\\Users\\ascom\\Desktop\\next repo\\2\\Game\\src\\app"
2025-06-11T18:31:50.929071Z  INFO get_globs:scan_sources: tailwindcss_oxide::scanner: Discovering "C:\\Users\\ascom\\Desktop\\next repo\\2\\Game\\src\\app\\(components)"
2025-06-11T18:31:50.929608Z  INFO get_globs:scan_sources: tailwindcss_oxide::scanner: Discovering "C:\\Users\\ascom\\Desktop\\next repo\\2\\Game\\src\\app\\(components)\\shared"
2025-06-11T18:31:50.930731Z  INFO get_globs:scan_sources: tailwindcss_oxide::scanner: Discovering "C:\\Users\\ascom\\Desktop\\next repo\\2\\Game\\src\\app\\(components)\\styles"
2025-06-11T18:31:50.931382Z  INFO get_globs:scan_sources: tailwindcss_oxide::scanner: Discovering "C:\\Users\\ascom\\Desktop\\next repo\\2\\Game\\src\\app\\games"
2025-06-11T18:31:50.931853Z  INFO get_globs:scan_sources: tailwindcss_oxide::scanner: Discovering "C:\\Users\\ascom\\Desktop\\next repo\\2\\Game\\src\\app\\games\\[id]"
2025-06-11T18:31:50.932712Z  INFO get_globs:scan_sources: tailwindcss_oxide::scanner: Discovering "C:\\Users\\ascom\\Desktop\\next repo\\2\\Game\\src\\app\\watch-list"
2025-06-11T18:31:50.933180Z  INFO get_globs:scan_sources: tailwindcss_oxide::scanner: Discovering "C:\\Users\\ascom\\Desktop\\next repo\\2\\Game\\src\\components"
2025-06-11T18:31:50.933468Z  INFO get_globs:scan_sources: tailwindcss_oxide::scanner: Discovering "C:\\Users\\ascom\\Desktop\\next repo\\2\\Game\\src\\components\\ui"
2025-06-11T18:31:50.934050Z  INFO get_globs:scan_sources: tailwindcss_oxide::scanner: Discovering "C:\\Users\\ascom\\Desktop\\next repo\\2\\Game\\src\\lib"
2025-06-11T18:31:50.934801Z  INFO get_globs:scan_sources: tailwindcss_oxide::scanner: exit
2025-06-11T18:31:50.944506Z  INFO get_globs: tailwindcss_oxide::scanner: exit
2025-06-11T20:30:25.723483Z  INFO tailwindcss_oxide::scanner: Provided sources:
2025-06-11T20:30:25.723762Z  INFO tailwindcss_oxide::scanner: Source: PublicSourceEntry { base: "c:\\Users\\ascom\\Desktop\\next repo\\2\\Game", pattern: "**/*", negated: false }
2025-06-11T20:30:25.724757Z  INFO tailwindcss_oxide::scanner: Optimized sources:
2025-06-11T20:30:25.724794Z  INFO tailwindcss_oxide::scanner: Source: Auto { base: "C:\\Users\\ascom\\Desktop\\next repo\\2\\Game" }
2025-06-11T20:30:25.725908Z  INFO get_files: tailwindcss_oxide::scanner: enter
2025-06-11T20:30:25.725953Z  INFO get_files:scan_sources: tailwindcss_oxide::scanner: enter
2025-06-11T20:30:25.733358Z  INFO get_files:scan_sources: tailwindcss_oxide::scanner: Discovering "C:\\Users\\ascom\\Desktop\\next repo\\2\\Game\\components.json"
2025-06-11T20:30:25.733608Z  INFO get_files:scan_sources: tailwindcss_oxide::scanner: Discovering "C:\\Users\\ascom\\Desktop\\next repo\\2\\Game\\eslint.config.mjs"
2025-06-11T20:30:25.733835Z  INFO get_files:scan_sources: tailwindcss_oxide::scanner: Discovering "C:\\Users\\ascom\\Desktop\\next repo\\2\\Game\\next.config.ts"
2025-06-11T20:30:25.741712Z  INFO get_files:scan_sources: tailwindcss_oxide::scanner: Discovering "C:\\Users\\ascom\\Desktop\\next repo\\2\\Game\\package.json"
2025-06-11T20:30:25.741981Z  INFO get_files:scan_sources: tailwindcss_oxide::scanner: Discovering "C:\\Users\\ascom\\Desktop\\next repo\\2\\Game\\postcss.config.mjs"
2025-06-11T20:30:25.742314Z  INFO get_files:scan_sources: tailwindcss_oxide::scanner: Discovering "C:\\Users\\ascom\\Desktop\\next repo\\2\\Game\\public"
2025-06-11T20:30:25.742748Z  INFO get_files:scan_sources: tailwindcss_oxide::scanner: Discovering "C:\\Users\\ascom\\Desktop\\next repo\\2\\Game\\public\\file.svg"
2025-06-11T20:30:25.742950Z  INFO get_files:scan_sources: tailwindcss_oxide::scanner: Discovering "C:\\Users\\ascom\\Desktop\\next repo\\2\\Game\\public\\globe.svg"
2025-06-11T20:30:25.743176Z  INFO get_files:scan_sources: tailwindcss_oxide::scanner: Discovering "C:\\Users\\ascom\\Desktop\\next repo\\2\\Game\\public\\next.svg"
2025-06-11T20:30:25.743390Z  INFO get_files:scan_sources: tailwindcss_oxide::scanner: Discovering "C:\\Users\\ascom\\Desktop\\next repo\\2\\Game\\public\\vercel.svg"
2025-06-11T20:30:25.743592Z  INFO get_files:scan_sources: tailwindcss_oxide::scanner: Discovering "C:\\Users\\ascom\\Desktop\\next repo\\2\\Game\\public\\window.svg"
2025-06-11T20:30:25.743856Z  INFO get_files:scan_sources: tailwindcss_oxide::scanner: Discovering "C:\\Users\\ascom\\Desktop\\next repo\\2\\Game\\README.md"
2025-06-11T20:30:25.744143Z  INFO get_files:scan_sources: tailwindcss_oxide::scanner: Discovering "C:\\Users\\ascom\\Desktop\\next repo\\2\\Game\\src"
2025-06-11T20:30:25.744595Z  INFO get_files:scan_sources: tailwindcss_oxide::scanner: Discovering "C:\\Users\\ascom\\Desktop\\next repo\\2\\Game\\src\\app"
2025-06-11T20:30:25.745048Z  INFO get_files:scan_sources: tailwindcss_oxide::scanner: Discovering "C:\\Users\\ascom\\Desktop\\next repo\\2\\Game\\src\\app\\(components)"
2025-06-11T20:30:25.745522Z  INFO get_files:scan_sources: tailwindcss_oxide::scanner: Discovering "C:\\Users\\ascom\\Desktop\\next repo\\2\\Game\\src\\app\\(components)\\shared"
2025-06-11T20:30:25.745869Z  INFO get_files:scan_sources: tailwindcss_oxide::scanner: Discovering "C:\\Users\\ascom\\Desktop\\next repo\\2\\Game\\src\\app\\(components)\\shared\\Footer.tsx"
2025-06-11T20:30:25.746075Z  INFO get_files:scan_sources: tailwindcss_oxide::scanner: Discovering "C:\\Users\\ascom\\Desktop\\next repo\\2\\Game\\src\\app\\(components)\\shared\\GameCard.tsx"
2025-06-11T20:30:25.746271Z  INFO get_files:scan_sources: tailwindcss_oxide::scanner: Discovering "C:\\Users\\ascom\\Desktop\\next repo\\2\\Game\\src\\app\\(components)\\shared\\Navbar.tsx"
2025-06-11T20:30:25.746466Z  INFO get_files:scan_sources: tailwindcss_oxide::scanner: Discovering "C:\\Users\\ascom\\Desktop\\next repo\\2\\Game\\src\\app\\(components)\\shared\\SharedButton.tsx"
2025-06-11T20:30:25.746774Z  INFO get_files:scan_sources: tailwindcss_oxide::scanner: Discovering "C:\\Users\\ascom\\Desktop\\next repo\\2\\Game\\src\\app\\(components)\\styles"
2025-06-11T20:30:25.747185Z  INFO get_files:scan_sources: tailwindcss_oxide::scanner: Discovering "C:\\Users\\ascom\\Desktop\\next repo\\2\\Game\\src\\app\\(components)\\styles\\colors.js"
2025-06-11T20:30:25.747481Z  INFO get_files:scan_sources: tailwindcss_oxide::scanner: Discovering "C:\\Users\\ascom\\Desktop\\next repo\\2\\Game\\src\\app\\(components)\\styles\\fonts.js"
2025-06-11T20:30:25.747903Z  INFO get_files:scan_sources: tailwindcss_oxide::scanner: Discovering "C:\\Users\\ascom\\Desktop\\next repo\\2\\Game\\src\\app\\context"
2025-06-11T20:30:25.748278Z  INFO get_files:scan_sources: tailwindcss_oxide::scanner: Discovering "C:\\Users\\ascom\\Desktop\\next repo\\2\\Game\\src\\app\\context\\WishlistContext.tsx"
2025-06-11T20:30:25.748643Z  INFO get_files:scan_sources: tailwindcss_oxide::scanner: Discovering "C:\\Users\\ascom\\Desktop\\next repo\\2\\Game\\src\\app\\games"
2025-06-11T20:30:25.749048Z  INFO get_files:scan_sources: tailwindcss_oxide::scanner: Discovering "C:\\Users\\ascom\\Desktop\\next repo\\2\\Game\\src\\app\\games\\page.tsx"
2025-06-11T20:30:25.749356Z  INFO get_files:scan_sources: tailwindcss_oxide::scanner: Discovering "C:\\Users\\ascom\\Desktop\\next repo\\2\\Game\\src\\app\\games\\[id]"
2025-06-11T20:30:25.749732Z  INFO get_files:scan_sources: tailwindcss_oxide::scanner: Discovering "C:\\Users\\ascom\\Desktop\\next repo\\2\\Game\\src\\app\\games\\[id]\\page.tsx"
2025-06-11T20:30:25.749944Z  INFO get_files:scan_sources: tailwindcss_oxide::scanner: Discovering "C:\\Users\\ascom\\Desktop\\next repo\\2\\Game\\src\\app\\globals.css"
2025-06-11T20:30:25.750078Z  INFO get_files:scan_sources: tailwindcss_oxide::scanner: Discovering "C:\\Users\\ascom\\Desktop\\next repo\\2\\Game\\src\\app\\layout.tsx"
2025-06-11T20:30:25.750245Z  INFO get_files:scan_sources: tailwindcss_oxide::scanner: Discovering "C:\\Users\\ascom\\Desktop\\next repo\\2\\Game\\src\\app\\page.tsx"
2025-06-11T20:30:25.750436Z  INFO get_files:scan_sources: tailwindcss_oxide::scanner: Discovering "C:\\Users\\ascom\\Desktop\\next repo\\2\\Game\\src\\app\\watch-list"
2025-06-11T20:30:25.750674Z  INFO get_files:scan_sources: tailwindcss_oxide::scanner: Discovering "C:\\Users\\ascom\\Desktop\\next repo\\2\\Game\\src\\app\\watch-list\\page.tsx"
2025-06-11T20:30:25.750904Z  INFO get_files:scan_sources: tailwindcss_oxide::scanner: Discovering "C:\\Users\\ascom\\Desktop\\next repo\\2\\Game\\src\\components"
2025-06-11T20:30:25.751175Z  INFO get_files:scan_sources: tailwindcss_oxide::scanner: Discovering "C:\\Users\\ascom\\Desktop\\next repo\\2\\Game\\src\\components\\ui"
2025-06-11T20:30:25.751407Z  INFO get_files:scan_sources: tailwindcss_oxide::scanner: Discovering "C:\\Users\\ascom\\Desktop\\next repo\\2\\Game\\src\\components\\ui\\button.tsx"
2025-06-11T20:30:25.751536Z  INFO get_files:scan_sources: tailwindcss_oxide::scanner: Discovering "C:\\Users\\ascom\\Desktop\\next repo\\2\\Game\\src\\components\\ui\\card.tsx"
2025-06-11T20:30:25.751801Z  INFO get_files:scan_sources: tailwindcss_oxide::scanner: Discovering "C:\\Users\\ascom\\Desktop\\next repo\\2\\Game\\src\\lib"
2025-06-11T20:30:25.752155Z  INFO get_files:scan_sources: tailwindcss_oxide::scanner: Discovering "C:\\Users\\ascom\\Desktop\\next repo\\2\\Game\\src\\lib\\data.js"
2025-06-11T20:30:25.752367Z  INFO get_files:scan_sources: tailwindcss_oxide::scanner: Discovering "C:\\Users\\ascom\\Desktop\\next repo\\2\\Game\\src\\lib\\rowData.json"
2025-06-11T20:30:25.752584Z  INFO get_files:scan_sources: tailwindcss_oxide::scanner: Discovering "C:\\Users\\ascom\\Desktop\\next repo\\2\\Game\\src\\lib\\utils.js"
2025-06-11T20:30:25.752799Z  INFO get_files:scan_sources: tailwindcss_oxide::scanner: Discovering "C:\\Users\\ascom\\Desktop\\next repo\\2\\Game\\src\\lib\\utils.ts"
2025-06-11T20:30:25.753131Z  INFO get_files:scan_sources: tailwindcss_oxide::scanner: Discovering "C:\\Users\\ascom\\Desktop\\next repo\\2\\Game\\tsconfig.json"
2025-06-11T20:30:25.753406Z  INFO get_files:scan_sources: tailwindcss_oxide::scanner: exit
2025-06-11T20:30:25.754171Z  INFO get_files: tailwindcss_oxide::scanner: exit
2025-06-11T20:30:25.754268Z  INFO get_globs: tailwindcss_oxide::scanner: enter
2025-06-11T20:30:25.754287Z  INFO get_globs:scan_sources: tailwindcss_oxide::scanner: enter
2025-06-11T20:30:25.759960Z  INFO get_globs:scan_sources: tailwindcss_oxide::scanner: Discovering "C:\\Users\\ascom\\Desktop\\next repo\\2\\Game\\public"
2025-06-11T20:30:25.761035Z  INFO get_globs:scan_sources: tailwindcss_oxide::scanner: Discovering "C:\\Users\\ascom\\Desktop\\next repo\\2\\Game\\src"
2025-06-11T20:30:25.761453Z  INFO get_globs:scan_sources: tailwindcss_oxide::scanner: Discovering "C:\\Users\\ascom\\Desktop\\next repo\\2\\Game\\src\\app"
2025-06-11T20:30:25.761854Z  INFO get_globs:scan_sources: tailwindcss_oxide::scanner: Discovering "C:\\Users\\ascom\\Desktop\\next repo\\2\\Game\\src\\app\\(components)"
2025-06-11T20:30:25.762319Z  INFO get_globs:scan_sources: tailwindcss_oxide::scanner: Discovering "C:\\Users\\ascom\\Desktop\\next repo\\2\\Game\\src\\app\\(components)\\shared"
2025-06-11T20:30:25.763020Z  INFO get_globs:scan_sources: tailwindcss_oxide::scanner: Discovering "C:\\Users\\ascom\\Desktop\\next repo\\2\\Game\\src\\app\\(components)\\styles"
2025-06-11T20:30:25.763557Z  INFO get_globs:scan_sources: tailwindcss_oxide::scanner: Discovering "C:\\Users\\ascom\\Desktop\\next repo\\2\\Game\\src\\app\\context"
2025-06-11T20:30:25.764039Z  INFO get_globs:scan_sources: tailwindcss_oxide::scanner: Discovering "C:\\Users\\ascom\\Desktop\\next repo\\2\\Game\\src\\app\\games"
2025-06-11T20:30:25.764464Z  INFO get_globs:scan_sources: tailwindcss_oxide::scanner: Discovering "C:\\Users\\ascom\\Desktop\\next repo\\2\\Game\\src\\app\\games\\[id]"
2025-06-11T20:30:25.765295Z  INFO get_globs:scan_sources: tailwindcss_oxide::scanner: Discovering "C:\\Users\\ascom\\Desktop\\next repo\\2\\Game\\src\\app\\watch-list"
2025-06-11T20:30:25.766087Z  INFO get_globs:scan_sources: tailwindcss_oxide::scanner: Discovering "C:\\Users\\ascom\\Desktop\\next repo\\2\\Game\\src\\components"
2025-06-11T20:30:25.766618Z  INFO get_globs:scan_sources: tailwindcss_oxide::scanner: Discovering "C:\\Users\\ascom\\Desktop\\next repo\\2\\Game\\src\\components\\ui"
2025-06-11T20:30:25.767432Z  INFO get_globs:scan_sources: tailwindcss_oxide::scanner: Discovering "C:\\Users\\ascom\\Desktop\\next repo\\2\\Game\\src\\lib"
2025-06-11T20:30:25.769027Z  INFO get_globs:scan_sources: tailwindcss_oxide::scanner: exit
2025-06-11T20:30:25.781281Z  INFO get_globs: tailwindcss_oxide::scanner: exit
